[10-May-2022 05:20:22 UTC] PHP Parse error:  syntax error, unexpected '?', expecting variable (T_VARIABLE) in /home/investasiptsp/public_html/vendor/ramsey/uuid/src/functions.php on line 34
[10-May-2022 05:20:23 UTC] PHP Parse error:  syntax error, unexpected '?', expecting variable (T_VARIABLE) in /home/investasiptsp/public_html/vendor/ramsey/uuid/src/functions.php on line 34
[10-May-2022 05:20:23 UTC] PHP Parse error:  syntax error, unexpected '?', expecting variable (T_VARIABLE) in /home/investasiptsp/public_html/vendor/ramsey/uuid/src/functions.php on line 34
[10-May-2022 05:20:37 UTC] PHP Parse error:  syntax error, unexpected '?', expecting variable (T_VARIABLE) in /home/investasiptsp/public_html/vendor/ramsey/uuid/src/functions.php on line 34
[10-May-2022 05:20:38 UTC] PHP Parse error:  syntax error, unexpected '?', expecting variable (T_VARIABLE) in /home/investasiptsp/public_html/vendor/ramsey/uuid/src/functions.php on line 34
[10-May-2022 05:20:38 UTC] PHP Parse error:  syntax error, unexpected '?', expecting variable (T_VARIABLE) in /home/investasiptsp/public_html/vendor/ramsey/uuid/src/functions.php on line 34
[10-May-2022 05:20:38 UTC] PHP Parse error:  syntax error, unexpected '?', expecting variable (T_VARIABLE) in /home/investasiptsp/public_html/vendor/ramsey/uuid/src/functions.php on line 34
[10-May-2022 05:20:47 UTC] PHP Parse error:  syntax error, unexpected '?', expecting variable (T_VARIABLE) in /home/investasiptsp/public_html/vendor/ramsey/uuid/src/functions.php on line 34
[10-May-2022 05:20:53 UTC] PHP Parse error:  syntax error, unexpected '?', expecting variable (T_VARIABLE) in /home/investasiptsp/public_html/vendor/ramsey/uuid/src/functions.php on line 34
[10-May-2022 05:20:54 UTC] PHP Parse error:  syntax error, unexpected '?', expecting variable (T_VARIABLE) in /home/investasiptsp/public_html/vendor/ramsey/uuid/src/functions.php on line 34
[10-May-2022 05:20:54 UTC] PHP Parse error:  syntax error, unexpected '?', expecting variable (T_VARIABLE) in /home/investasiptsp/public_html/vendor/ramsey/uuid/src/functions.php on line 34
[10-May-2022 05:20:54 UTC] PHP Parse error:  syntax error, unexpected '?', expecting variable (T_VARIABLE) in /home/investasiptsp/public_html/vendor/ramsey/uuid/src/functions.php on line 34
[10-May-2022 05:20:54 UTC] PHP Parse error:  syntax error, unexpected '?', expecting variable (T_VARIABLE) in /home/investasiptsp/public_html/vendor/ramsey/uuid/src/functions.php on line 34
[10-May-2022 05:21:22 UTC] PHP Parse error:  syntax error, unexpected '?', expecting variable (T_VARIABLE) in /home/investasiptsp/public_html/vendor/ramsey/uuid/src/functions.php on line 34
[10-May-2022 05:21:22 UTC] PHP Parse error:  syntax error, unexpected '?', expecting variable (T_VARIABLE) in /home/investasiptsp/public_html/vendor/ramsey/uuid/src/functions.php on line 34
[10-May-2022 05:21:23 UTC] PHP Parse error:  syntax error, unexpected '?', expecting variable (T_VARIABLE) in /home/investasiptsp/public_html/vendor/ramsey/uuid/src/functions.php on line 34
[10-May-2022 05:21:23 UTC] PHP Parse error:  syntax error, unexpected '?', expecting variable (T_VARIABLE) in /home/investasiptsp/public_html/vendor/ramsey/uuid/src/functions.php on line 34
[10-May-2022 05:21:23 UTC] PHP Parse error:  syntax error, unexpected '?', expecting variable (T_VARIABLE) in /home/investasiptsp/public_html/vendor/ramsey/uuid/src/functions.php on line 34
[10-May-2022 05:21:23 UTC] PHP Parse error:  syntax error, unexpected '?', expecting variable (T_VARIABLE) in /home/investasiptsp/public_html/vendor/ramsey/uuid/src/functions.php on line 34
[10-May-2022 05:21:23 UTC] PHP Parse error:  syntax error, unexpected '?', expecting variable (T_VARIABLE) in /home/investasiptsp/public_html/vendor/ramsey/uuid/src/functions.php on line 34
[10-May-2022 05:21:24 UTC] PHP Parse error:  syntax error, unexpected '?', expecting variable (T_VARIABLE) in /home/investasiptsp/public_html/vendor/ramsey/uuid/src/functions.php on line 34
[10-May-2022 05:21:24 UTC] PHP Parse error:  syntax error, unexpected '?', expecting variable (T_VARIABLE) in /home/investasiptsp/public_html/vendor/ramsey/uuid/src/functions.php on line 34
[10-May-2022 05:21:26 UTC] PHP Parse error:  syntax error, unexpected '?', expecting variable (T_VARIABLE) in /home/investasiptsp/public_html/vendor/ramsey/uuid/src/functions.php on line 34
[10-May-2022 05:22:06 UTC] PHP Parse error:  syntax error, unexpected '?', expecting variable (T_VARIABLE) in /home/investasiptsp/public_html/vendor/ramsey/uuid/src/functions.php on line 34
[10-May-2022 05:22:06 UTC] PHP Parse error:  syntax error, unexpected '?', expecting variable (T_VARIABLE) in /home/investasiptsp/public_html/vendor/ramsey/uuid/src/functions.php on line 34
[10-May-2022 05:22:39 UTC] PHP Parse error:  syntax error, unexpected '?', expecting variable (T_VARIABLE) in /home/investasiptsp/public_html/vendor/ramsey/uuid/src/functions.php on line 34
[10-May-2022 05:22:39 UTC] PHP Parse error:  syntax error, unexpected '?', expecting variable (T_VARIABLE) in /home/investasiptsp/public_html/vendor/ramsey/uuid/src/functions.php on line 34
[10-May-2022 05:22:40 UTC] PHP Parse error:  syntax error, unexpected '?', expecting variable (T_VARIABLE) in /home/investasiptsp/public_html/vendor/ramsey/uuid/src/functions.php on line 34
[10-May-2022 05:22:40 UTC] PHP Parse error:  syntax error, unexpected '?', expecting variable (T_VARIABLE) in /home/investasiptsp/public_html/vendor/ramsey/uuid/src/functions.php on line 34
[10-May-2022 05:44:39 UTC] PHP Parse error:  syntax error, unexpected '?', expecting variable (T_VARIABLE) in /home/investasiptsp/public_html/vendor/ramsey/uuid/src/functions.php on line 34
[10-May-2022 05:44:39 UTC] PHP Parse error:  syntax error, unexpected '?', expecting variable (T_VARIABLE) in /home/investasiptsp/public_html/vendor/ramsey/uuid/src/functions.php on line 34
[10-May-2022 05:44:39 UTC] PHP Parse error:  syntax error, unexpected '?', expecting variable (T_VARIABLE) in /home/investasiptsp/public_html/vendor/ramsey/uuid/src/functions.php on line 34
[10-May-2022 05:44:42 UTC] PHP Parse error:  syntax error, unexpected '?', expecting variable (T_VARIABLE) in /home/investasiptsp/public_html/vendor/ramsey/uuid/src/functions.php on line 34
[10-May-2022 05:44:42 UTC] PHP Parse error:  syntax error, unexpected '?', expecting variable (T_VARIABLE) in /home/investasiptsp/public_html/vendor/ramsey/uuid/src/functions.php on line 34
[10-May-2022 05:44:43 UTC] PHP Parse error:  syntax error, unexpected '?', expecting variable (T_VARIABLE) in /home/investasiptsp/public_html/vendor/ramsey/uuid/src/functions.php on line 34
[10-May-2022 05:44:43 UTC] PHP Parse error:  syntax error, unexpected '?', expecting variable (T_VARIABLE) in /home/investasiptsp/public_html/vendor/ramsey/uuid/src/functions.php on line 34
[10-May-2022 05:44:43 UTC] PHP Parse error:  syntax error, unexpected '?', expecting variable (T_VARIABLE) in /home/investasiptsp/public_html/vendor/ramsey/uuid/src/functions.php on line 34
[10-May-2022 05:44:43 UTC] PHP Parse error:  syntax error, unexpected '?', expecting variable (T_VARIABLE) in /home/investasiptsp/public_html/vendor/ramsey/uuid/src/functions.php on line 34
[10-May-2022 05:44:44 UTC] PHP Parse error:  syntax error, unexpected '?', expecting variable (T_VARIABLE) in /home/investasiptsp/public_html/vendor/ramsey/uuid/src/functions.php on line 34
[10-May-2022 05:44:44 UTC] PHP Parse error:  syntax error, unexpected '?', expecting variable (T_VARIABLE) in /home/investasiptsp/public_html/vendor/ramsey/uuid/src/functions.php on line 34
[10-May-2022 05:44:45 UTC] PHP Parse error:  syntax error, unexpected '?', expecting variable (T_VARIABLE) in /home/investasiptsp/public_html/vendor/ramsey/uuid/src/functions.php on line 34
[10-May-2022 05:44:45 UTC] PHP Parse error:  syntax error, unexpected '?', expecting variable (T_VARIABLE) in /home/investasiptsp/public_html/vendor/ramsey/uuid/src/functions.php on line 34
[10-May-2022 05:44:52 UTC] PHP Parse error:  syntax error, unexpected '?', expecting variable (T_VARIABLE) in /home/investasiptsp/public_html/vendor/ramsey/uuid/src/functions.php on line 34
[10-May-2022 05:45:04 UTC] PHP Fatal error:  Declaration of Carbon\Translator::setLocale($locale) must be compatible with Symfony\Contracts\Translation\LocaleAwareInterface::setLocale(string $locale) in /home/investasiptsp/public_html/vendor/nesbot/carbon/src/Carbon/Translator.php on line 18
[10-May-2022 05:45:05 UTC] PHP Fatal error:  Declaration of Carbon\Translator::setLocale($locale) must be compatible with Symfony\Contracts\Translation\LocaleAwareInterface::setLocale(string $locale) in /home/investasiptsp/public_html/vendor/nesbot/carbon/src/Carbon/Translator.php on line 18
[10-May-2022 05:45:05 UTC] PHP Fatal error:  Declaration of Carbon\Translator::setLocale($locale) must be compatible with Symfony\Contracts\Translation\LocaleAwareInterface::setLocale(string $locale) in /home/investasiptsp/public_html/vendor/nesbot/carbon/src/Carbon/Translator.php on line 18
[10-May-2022 05:45:06 UTC] PHP Fatal error:  Declaration of Carbon\Translator::setLocale($locale) must be compatible with Symfony\Contracts\Translation\LocaleAwareInterface::setLocale(string $locale) in /home/investasiptsp/public_html/vendor/nesbot/carbon/src/Carbon/Translator.php on line 18
[10-May-2022 05:45:06 UTC] PHP Fatal error:  Declaration of Carbon\Translator::setLocale($locale) must be compatible with Symfony\Contracts\Translation\LocaleAwareInterface::setLocale(string $locale) in /home/investasiptsp/public_html/vendor/nesbot/carbon/src/Carbon/Translator.php on line 18
[10-May-2022 05:45:28 UTC] PHP Fatal error:  Declaration of Carbon\Translator::setLocale($locale) must be compatible with Symfony\Contracts\Translation\LocaleAwareInterface::setLocale(string $locale) in /home/investasiptsp/public_html/vendor/nesbot/carbon/src/Carbon/Translator.php on line 18
[10-May-2022 05:45:29 UTC] PHP Fatal error:  Declaration of Carbon\Translator::setLocale($locale) must be compatible with Symfony\Contracts\Translation\LocaleAwareInterface::setLocale(string $locale) in /home/investasiptsp/public_html/vendor/nesbot/carbon/src/Carbon/Translator.php on line 18
[10-May-2022 05:45:30 UTC] PHP Fatal error:  Declaration of Carbon\Translator::setLocale($locale) must be compatible with Symfony\Contracts\Translation\LocaleAwareInterface::setLocale(string $locale) in /home/investasiptsp/public_html/vendor/nesbot/carbon/src/Carbon/Translator.php on line 18
[20-May-2022 06:36:11 UTC] PHP Warning:  require(/home/investasiptsp/public_html/../vendor/autoload.php): failed to open stream: No such file or directory in /home/investasiptsp/public_html/index.php on line 24
[20-May-2022 06:36:11 UTC] PHP Warning:  require(/home/investasiptsp/public_html/../vendor/autoload.php): failed to open stream: No such file or directory in /home/investasiptsp/public_html/index.php on line 24
[20-May-2022 06:36:11 UTC] PHP Fatal error:  require(): Failed opening required '/home/investasiptsp/public_html/../vendor/autoload.php' (include_path='.:/opt/alt/php74/usr/share/pear') in /home/investasiptsp/public_html/index.php on line 24
[20-May-2022 06:36:26 UTC] PHP Warning:  require(/home/investasiptsp/public_html/../vendor/autoload.php): failed to open stream: No such file or directory in /home/investasiptsp/public_html/index.php on line 24
[20-May-2022 06:36:26 UTC] PHP Warning:  require(/home/investasiptsp/public_html/../vendor/autoload.php): failed to open stream: No such file or directory in /home/investasiptsp/public_html/index.php on line 24
[20-May-2022 06:36:26 UTC] PHP Fatal error:  require(): Failed opening required '/home/investasiptsp/public_html/../vendor/autoload.php' (include_path='.:/opt/alt/php74/usr/share/pear') in /home/investasiptsp/public_html/index.php on line 24
[20-May-2022 06:38:44 UTC] PHP Warning:  require(/home/investasiptsp/public_html/../vendor/autoload.php): failed to open stream: No such file or directory in /home/investasiptsp/public_html/index.php on line 24
[20-May-2022 06:38:44 UTC] PHP Warning:  require(/home/investasiptsp/public_html/../vendor/autoload.php): failed to open stream: No such file or directory in /home/investasiptsp/public_html/index.php on line 24
[20-May-2022 06:38:44 UTC] PHP Fatal error:  require(): Failed opening required '/home/investasiptsp/public_html/../vendor/autoload.php' (include_path='.:/opt/alt/php74/usr/share/pear') in /home/investasiptsp/public_html/index.php on line 24
[25-Jun-2022 01:51:56 UTC] PHP Fatal error:  Uncaught InvalidArgumentException: Invalid characters present in locale. in /home/investasiptsp/public_html/vendor/laravel/framework/src/Illuminate/Translation/Translator.php:412
Stack trace:
#0 /home/investasiptsp/public_html/vendor/laravel/framework/src/Illuminate/Translation/Translator.php(65): Illuminate\Translation\Translator->setLocale('|echo hfwkjl$()...')
#1 /home/investasiptsp/public_html/vendor/laravel/framework/src/Illuminate/Translation/TranslationServiceProvider.php(27): Illuminate\Translation\Translator->__construct(Object(Illuminate\Translation\FileLoader), '|echo hfwkjl$()...')
#2 /home/investasiptsp/public_html/vendor/laravel/framework/src/Illuminate/Container/Container.php(805): Illuminate\Translation\TranslationServiceProvider->Illuminate\Translation\{closure}(Object(Illuminate\Foundation\Application), Array)
#3 /home/investasiptsp/public_html/vendor/laravel/framework/src/Illuminate/Container/Container.php(691): Illuminate\Container\Container->build(Object(Closure))
#4 /home/investasiptsp/p in /home/investasiptsp/public_html/vendor/laravel/framework/src/Illuminate/Translation/Translator.php on line 412
[13-Sep-2022 06:26:41 UTC] PHP Fatal error:  Uncaught InvalidArgumentException: Invalid characters present in locale. in /home/investasiptsp/public_html/vendor/laravel/framework/src/Illuminate/Translation/Translator.php:412
Stack trace:
#0 /home/investasiptsp/public_html/vendor/laravel/framework/src/Illuminate/Translation/Translator.php(65): Illuminate\Translation\Translator->setLocale('echo irlulp$()\\...')
#1 /home/investasiptsp/public_html/vendor/laravel/framework/src/Illuminate/Translation/TranslationServiceProvider.php(27): Illuminate\Translation\Translator->__construct(Object(Illuminate\Translation\FileLoader), 'echo irlulp$()\\...')
#2 /home/investasiptsp/public_html/vendor/laravel/framework/src/Illuminate/Container/Container.php(805): Illuminate\Translation\TranslationServiceProvider->Illuminate\Translation\{closure}(Object(Illuminate\Foundation\Application), Array)
#3 /home/investasiptsp/public_html/vendor/laravel/framework/src/Illuminate/Container/Container.php(691): Illuminate\Container\Container->build(Object(Closure))
#4 /home/investasiptsp in /home/investasiptsp/public_html/vendor/laravel/framework/src/Illuminate/Translation/Translator.php on line 412
[13-Sep-2022 06:27:12 UTC] PHP Fatal error:  Uncaught InvalidArgumentException: Invalid characters present in locale. in /home/investasiptsp/public_html/vendor/laravel/framework/src/Illuminate/Translation/Translator.php:412
Stack trace:
#0 /home/investasiptsp/public_html/vendor/laravel/framework/src/Illuminate/Translation/Translator.php(65): Illuminate\Translation\Translator->setLocale('&echo mcrhjb$()...')
#1 /home/investasiptsp/public_html/vendor/laravel/framework/src/Illuminate/Translation/TranslationServiceProvider.php(27): Illuminate\Translation\Translator->__construct(Object(Illuminate\Translation\FileLoader), '&echo mcrhjb$()...')
#2 /home/investasiptsp/public_html/vendor/laravel/framework/src/Illuminate/Container/Container.php(805): Illuminate\Translation\TranslationServiceProvider->Illuminate\Translation\{closure}(Object(Illuminate\Foundation\Application), Array)
#3 /home/investasiptsp/public_html/vendor/laravel/framework/src/Illuminate/Container/Container.php(691): Illuminate\Container\Container->build(Object(Closure))
#4 /home/investasiptsp/p in /home/investasiptsp/public_html/vendor/laravel/framework/src/Illuminate/Translation/Translator.php on line 412
[20-Sep-2022 23:46:08 UTC] PHP Fatal error:  Uncaught InvalidArgumentException: Invalid characters present in locale. in /home/investasiptsp/public_html/vendor/laravel/framework/src/Illuminate/Translation/Translator.php:412
Stack trace:
#0 /home/investasiptsp/public_html/vendor/laravel/framework/src/Illuminate/Translation/Translator.php(65): Illuminate\Translation\Translator->setLocale('echo hdcxne$()\\...')
#1 /home/investasiptsp/public_html/vendor/laravel/framework/src/Illuminate/Translation/TranslationServiceProvider.php(27): Illuminate\Translation\Translator->__construct(Object(Illuminate\Translation\FileLoader), 'echo hdcxne$()\\...')
#2 /home/investasiptsp/public_html/vendor/laravel/framework/src/Illuminate/Container/Container.php(805): Illuminate\Translation\TranslationServiceProvider->Illuminate\Translation\{closure}(Object(Illuminate\Foundation\Application), Array)
#3 /home/investasiptsp/public_html/vendor/laravel/framework/src/Illuminate/Container/Container.php(691): Illuminate\Container\Container->build(Object(Closure))
#4 /home/investasiptsp in /home/investasiptsp/public_html/vendor/laravel/framework/src/Illuminate/Translation/Translator.php on line 412
[20-Sep-2022 23:46:09 UTC] PHP Fatal error:  Uncaught InvalidArgumentException: Invalid characters present in locale. in /home/investasiptsp/public_html/vendor/laravel/framework/src/Illuminate/Translation/Translator.php:412
Stack trace:
#0 /home/investasiptsp/public_html/vendor/laravel/framework/src/Illuminate/Translation/Translator.php(65): Illuminate\Translation\Translator->setLocale('echo hdcxne$()\\...')
#1 /home/investasiptsp/public_html/vendor/laravel/framework/src/Illuminate/Translation/TranslationServiceProvider.php(27): Illuminate\Translation\Translator->__construct(Object(Illuminate\Translation\FileLoader), 'echo hdcxne$()\\...')
#2 /home/investasiptsp/public_html/vendor/laravel/framework/src/Illuminate/Container/Container.php(805): Illuminate\Translation\TranslationServiceProvider->Illuminate\Translation\{closure}(Object(Illuminate\Foundation\Application), Array)
#3 /home/investasiptsp/public_html/vendor/laravel/framework/src/Illuminate/Container/Container.php(691): Illuminate\Container\Container->build(Object(Closure))
#4 /home/investasiptsp in /home/investasiptsp/public_html/vendor/laravel/framework/src/Illuminate/Translation/Translator.php on line 412
[20-Sep-2022 23:46:12 UTC] PHP Fatal error:  Uncaught InvalidArgumentException: Invalid characters present in locale. in /home/investasiptsp/public_html/vendor/laravel/framework/src/Illuminate/Translation/Translator.php:412
Stack trace:
#0 /home/investasiptsp/public_html/vendor/laravel/framework/src/Illuminate/Translation/Translator.php(65): Illuminate\Translation\Translator->setLocale('&echo xjewem$()...')
#1 /home/investasiptsp/public_html/vendor/laravel/framework/src/Illuminate/Translation/TranslationServiceProvider.php(27): Illuminate\Translation\Translator->__construct(Object(Illuminate\Translation\FileLoader), '&echo xjewem$()...')
#2 /home/investasiptsp/public_html/vendor/laravel/framework/src/Illuminate/Container/Container.php(805): Illuminate\Translation\TranslationServiceProvider->Illuminate\Translation\{closure}(Object(Illuminate\Foundation\Application), Array)
#3 /home/investasiptsp/public_html/vendor/laravel/framework/src/Illuminate/Container/Container.php(691): Illuminate\Container\Container->build(Object(Closure))
#4 /home/investasiptsp/p in /home/investasiptsp/public_html/vendor/laravel/framework/src/Illuminate/Translation/Translator.php on line 412
[20-Sep-2022 23:46:12 UTC] PHP Fatal error:  Uncaught InvalidArgumentException: Invalid characters present in locale. in /home/investasiptsp/public_html/vendor/laravel/framework/src/Illuminate/Translation/Translator.php:412
Stack trace:
#0 /home/investasiptsp/public_html/vendor/laravel/framework/src/Illuminate/Translation/Translator.php(65): Illuminate\Translation\Translator->setLocale('&echo xjewem$()...')
#1 /home/investasiptsp/public_html/vendor/laravel/framework/src/Illuminate/Translation/TranslationServiceProvider.php(27): Illuminate\Translation\Translator->__construct(Object(Illuminate\Translation\FileLoader), '&echo xjewem$()...')
#2 /home/investasiptsp/public_html/vendor/laravel/framework/src/Illuminate/Container/Container.php(805): Illuminate\Translation\TranslationServiceProvider->Illuminate\Translation\{closure}(Object(Illuminate\Foundation\Application), Array)
#3 /home/investasiptsp/public_html/vendor/laravel/framework/src/Illuminate/Container/Container.php(691): Illuminate\Container\Container->build(Object(Closure))
#4 /home/investasiptsp/p in /home/investasiptsp/public_html/vendor/laravel/framework/src/Illuminate/Translation/Translator.php on line 412
[20-Sep-2022 23:46:18 UTC] PHP Fatal error:  Uncaught InvalidArgumentException: Invalid characters present in locale. in /home/investasiptsp/public_html/vendor/laravel/framework/src/Illuminate/Translation/Translator.php:412
Stack trace:
#0 /home/investasiptsp/public_html/vendor/laravel/framework/src/Illuminate/Translation/Translator.php(65): Illuminate\Translation\Translator->setLocale('&echo xjewem$()...')
#1 /home/investasiptsp/public_html/vendor/laravel/framework/src/Illuminate/Translation/TranslationServiceProvider.php(27): Illuminate\Translation\Translator->__construct(Object(Illuminate\Translation\FileLoader), '&echo xjewem$()...')
#2 /home/investasiptsp/public_html/vendor/laravel/framework/src/Illuminate/Container/Container.php(805): Illuminate\Translation\TranslationServiceProvider->Illuminate\Translation\{closure}(Object(Illuminate\Foundation\Application), Array)
#3 /home/investasiptsp/public_html/vendor/laravel/framework/src/Illuminate/Container/Container.php(691): Illuminate\Container\Container->build(Object(Closure))
#4 /home/investasiptsp/p in /home/investasiptsp/public_html/vendor/laravel/framework/src/Illuminate/Translation/Translator.php on line 412
[20-Sep-2022 23:46:24 UTC] PHP Fatal error:  Uncaught InvalidArgumentException: Invalid characters present in locale. in /home/investasiptsp/public_html/vendor/laravel/framework/src/Illuminate/Translation/Translator.php:412
Stack trace:
#0 /home/investasiptsp/public_html/vendor/laravel/framework/src/Illuminate/Translation/Translator.php(65): Illuminate\Translation\Translator->setLocale('&(nslookup hitj...')
#1 /home/investasiptsp/public_html/vendor/laravel/framework/src/Illuminate/Translation/TranslationServiceProvider.php(27): Illuminate\Translation\Translator->__construct(Object(Illuminate\Translation\FileLoader), '&(nslookup hitj...')
#2 /home/investasiptsp/public_html/vendor/laravel/framework/src/Illuminate/Container/Container.php(805): Illuminate\Translation\TranslationServiceProvider->Illuminate\Translation\{closure}(Object(Illuminate\Foundation\Application), Array)
#3 /home/investasiptsp/public_html/vendor/laravel/framework/src/Illuminate/Container/Container.php(691): Illuminate\Container\Container->build(Object(Closure))
#4 /home/investasiptsp/p in /home/investasiptsp/public_html/vendor/laravel/framework/src/Illuminate/Translation/Translator.php on line 412
[10-Nov-2022 11:01:45 UTC] PHP Fatal error:  Uncaught InvalidArgumentException: Invalid characters present in locale. in /home/investasiptsp/public_html/vendor/laravel/framework/src/Illuminate/Translation/Translator.php:412
Stack trace:
#0 /home/investasiptsp/public_html/vendor/laravel/framework/src/Illuminate/Translation/Translator.php(65): Illuminate\Translation\Translator->setLocale('echo ckeraq$()\\...')
#1 /home/investasiptsp/public_html/vendor/laravel/framework/src/Illuminate/Translation/TranslationServiceProvider.php(27): Illuminate\Translation\Translator->__construct(Object(Illuminate\Translation\FileLoader), 'echo ckeraq$()\\...')
#2 /home/investasiptsp/public_html/vendor/laravel/framework/src/Illuminate/Container/Container.php(805): Illuminate\Translation\TranslationServiceProvider->Illuminate\Translation\{closure}(Object(Illuminate\Foundation\Application), Array)
#3 /home/investasiptsp/public_html/vendor/laravel/framework/src/Illuminate/Container/Container.php(691): Illuminate\Container\Container->build(Object(Closure))
#4 /home/investasiptsp in /home/investasiptsp/public_html/vendor/laravel/framework/src/Illuminate/Translation/Translator.php on line 412
[27-Dec-2023 03:48:19 UTC] PHP Warning:  require(/home/investasiptsp/public_html/vendor/composer/../symfony/polyfill-php70/bootstrap.php): failed to open stream: No such file or directory in /home/investasiptsp/public_html/vendor/composer/autoload_real.php on line 41
[27-Dec-2023 03:48:19 UTC] PHP Warning:  require(/home/investasiptsp/public_html/vendor/composer/../symfony/polyfill-php70/bootstrap.php): failed to open stream: No such file or directory in /home/investasiptsp/public_html/vendor/composer/autoload_real.php on line 41
[27-Dec-2023 03:48:19 UTC] PHP Fatal error:  require(): Failed opening required '/home/investasiptsp/public_html/vendor/composer/../symfony/polyfill-php70/bootstrap.php' (include_path='.:/opt/alt/php74/usr/share/pear') in /home/investasiptsp/public_html/vendor/composer/autoload_real.php on line 41
[27-Dec-2023 03:48:19 UTC] PHP Warning:  require(/home/investasiptsp/public_html/vendor/composer/../symfony/polyfill-php70/bootstrap.php): failed to open stream: No such file or directory in /home/investasiptsp/public_html/vendor/composer/autoload_real.php on line 41
[27-Dec-2023 03:48:19 UTC] PHP Warning:  require(/home/investasiptsp/public_html/vendor/composer/../symfony/polyfill-php70/bootstrap.php): failed to open stream: No such file or directory in /home/investasiptsp/public_html/vendor/composer/autoload_real.php on line 41
[27-Dec-2023 03:48:19 UTC] PHP Fatal error:  require(): Failed opening required '/home/investasiptsp/public_html/vendor/composer/../symfony/polyfill-php70/bootstrap.php' (include_path='.:/opt/alt/php74/usr/share/pear') in /home/investasiptsp/public_html/vendor/composer/autoload_real.php on line 41
[17-Jan-2024 02:21:47 UTC] PHP Warning:  include(/home/investasiptsp/public_html/vendor/composer/../../app/Http/Kernel.php): failed to open stream: No such file or directory in /home/investasiptsp/public_html/vendor/composer/ClassLoader.php on line 576
[17-Jan-2024 02:21:47 UTC] PHP Warning:  include(/home/investasiptsp/public_html/vendor/composer/../../app/Http/Kernel.php): failed to open stream: No such file or directory in /home/investasiptsp/public_html/vendor/composer/ClassLoader.php on line 576
[17-Jan-2024 02:21:47 UTC] PHP Warning:  include(): Failed opening '/home/investasiptsp/public_html/vendor/composer/../../app/Http/Kernel.php' for inclusion (include_path='.:/opt/alt/php74/usr/share/pear') in /home/investasiptsp/public_html/vendor/composer/ClassLoader.php on line 576
[17-Jan-2024 02:21:47 UTC] PHP Fatal error:  Uncaught ReflectionException: Class App\Http\Kernel does not exist in /home/investasiptsp/public_html/vendor/laravel/framework/src/Illuminate/Container/Container.php:809
Stack trace:
#0 /home/investasiptsp/public_html/vendor/laravel/framework/src/Illuminate/Container/Container.php(809): ReflectionClass->__construct('App\\Http\\Kernel')
#1 /home/investasiptsp/public_html/vendor/laravel/framework/src/Illuminate/Container/Container.php(691): Illuminate\Container\Container->build('App\\Http\\Kernel')
#2 /home/investasiptsp/public_html/vendor/laravel/framework/src/Illuminate/Foundation/Application.php(796): Illuminate\Container\Container->resolve('App\\Http\\Kernel', Array, false)
#3 /home/investasiptsp/public_html/vendor/laravel/framework/src/Illuminate/Container/Container.php(269): Illuminate\Foundation\Application->resolve('App\\Http\\Kernel', Array, false)
#4 /home/investasiptsp/public_html/vendor/laravel/framework/src/Illuminate/Container/Container.php(805): Illuminate\Container\Container->Illuminate\Containe in /home/investasiptsp/public_html/vendor/laravel/framework/src/Illuminate/Container/Container.php on line 811
[17-Jan-2024 02:21:47 UTC] PHP Warning:  include(/home/investasiptsp/public_html/vendor/composer/../../app/Http/Kernel.php): failed to open stream: No such file or directory in /home/investasiptsp/public_html/vendor/composer/ClassLoader.php on line 576
[17-Jan-2024 02:21:47 UTC] PHP Warning:  include(/home/investasiptsp/public_html/vendor/composer/../../app/Http/Kernel.php): failed to open stream: No such file or directory in /home/investasiptsp/public_html/vendor/composer/ClassLoader.php on line 576
[17-Jan-2024 02:21:47 UTC] PHP Warning:  include(): Failed opening '/home/investasiptsp/public_html/vendor/composer/../../app/Http/Kernel.php' for inclusion (include_path='.:/opt/alt/php74/usr/share/pear') in /home/investasiptsp/public_html/vendor/composer/ClassLoader.php on line 576
[17-Jan-2024 02:21:47 UTC] PHP Fatal error:  Uncaught ReflectionException: Class App\Http\Kernel does not exist in /home/investasiptsp/public_html/vendor/laravel/framework/src/Illuminate/Container/Container.php:809
Stack trace:
#0 /home/investasiptsp/public_html/vendor/laravel/framework/src/Illuminate/Container/Container.php(809): ReflectionClass->__construct('App\\Http\\Kernel')
#1 /home/investasiptsp/public_html/vendor/laravel/framework/src/Illuminate/Container/Container.php(691): Illuminate\Container\Container->build('App\\Http\\Kernel')
#2 /home/investasiptsp/public_html/vendor/laravel/framework/src/Illuminate/Foundation/Application.php(796): Illuminate\Container\Container->resolve('App\\Http\\Kernel', Array, false)
#3 /home/investasiptsp/public_html/vendor/laravel/framework/src/Illuminate/Container/Container.php(269): Illuminate\Foundation\Application->resolve('App\\Http\\Kernel', Array, false)
#4 /home/investasiptsp/public_html/vendor/laravel/framework/src/Illuminate/Container/Container.php(805): Illuminate\Container\Container->Illuminate\Containe in /home/investasiptsp/public_html/vendor/laravel/framework/src/Illuminate/Container/Container.php on line 811
[17-Jan-2024 02:23:13 UTC] PHP Warning:  include(/home/investasiptsp/public_html/vendor/composer/../../app/Http/Kernel.php): failed to open stream: No such file or directory in /home/investasiptsp/public_html/vendor/composer/ClassLoader.php on line 576
[17-Jan-2024 02:23:13 UTC] PHP Warning:  include(/home/investasiptsp/public_html/vendor/composer/../../app/Http/Kernel.php): failed to open stream: No such file or directory in /home/investasiptsp/public_html/vendor/composer/ClassLoader.php on line 576
[17-Jan-2024 02:23:13 UTC] PHP Warning:  include(): Failed opening '/home/investasiptsp/public_html/vendor/composer/../../app/Http/Kernel.php' for inclusion (include_path='.:/opt/alt/php74/usr/share/pear') in /home/investasiptsp/public_html/vendor/composer/ClassLoader.php on line 576
[17-Jan-2024 02:23:13 UTC] PHP Fatal error:  Uncaught ReflectionException: Class App\Http\Kernel does not exist in /home/investasiptsp/public_html/vendor/laravel/framework/src/Illuminate/Container/Container.php:809
Stack trace:
#0 /home/investasiptsp/public_html/vendor/laravel/framework/src/Illuminate/Container/Container.php(809): ReflectionClass->__construct('App\\Http\\Kernel')
#1 /home/investasiptsp/public_html/vendor/laravel/framework/src/Illuminate/Container/Container.php(691): Illuminate\Container\Container->build('App\\Http\\Kernel')
#2 /home/investasiptsp/public_html/vendor/laravel/framework/src/Illuminate/Foundation/Application.php(796): Illuminate\Container\Container->resolve('App\\Http\\Kernel', Array, false)
#3 /home/investasiptsp/public_html/vendor/laravel/framework/src/Illuminate/Container/Container.php(269): Illuminate\Foundation\Application->resolve('App\\Http\\Kernel', Array, false)
#4 /home/investasiptsp/public_html/vendor/laravel/framework/src/Illuminate/Container/Container.php(805): Illuminate\Container\Container->Illuminate\Containe in /home/investasiptsp/public_html/vendor/laravel/framework/src/Illuminate/Container/Container.php on line 811
[17-Jan-2024 02:23:14 UTC] PHP Warning:  include(/home/investasiptsp/public_html/vendor/composer/../../app/Http/Kernel.php): failed to open stream: No such file or directory in /home/investasiptsp/public_html/vendor/composer/ClassLoader.php on line 576
[17-Jan-2024 02:23:14 UTC] PHP Warning:  include(/home/investasiptsp/public_html/vendor/composer/../../app/Http/Kernel.php): failed to open stream: No such file or directory in /home/investasiptsp/public_html/vendor/composer/ClassLoader.php on line 576
[17-Jan-2024 02:23:14 UTC] PHP Warning:  include(): Failed opening '/home/investasiptsp/public_html/vendor/composer/../../app/Http/Kernel.php' for inclusion (include_path='.:/opt/alt/php74/usr/share/pear') in /home/investasiptsp/public_html/vendor/composer/ClassLoader.php on line 576
[17-Jan-2024 02:23:14 UTC] PHP Fatal error:  Uncaught ReflectionException: Class App\Http\Kernel does not exist in /home/investasiptsp/public_html/vendor/laravel/framework/src/Illuminate/Container/Container.php:809
Stack trace:
#0 /home/investasiptsp/public_html/vendor/laravel/framework/src/Illuminate/Container/Container.php(809): ReflectionClass->__construct('App\\Http\\Kernel')
#1 /home/investasiptsp/public_html/vendor/laravel/framework/src/Illuminate/Container/Container.php(691): Illuminate\Container\Container->build('App\\Http\\Kernel')
#2 /home/investasiptsp/public_html/vendor/laravel/framework/src/Illuminate/Foundation/Application.php(796): Illuminate\Container\Container->resolve('App\\Http\\Kernel', Array, false)
#3 /home/investasiptsp/public_html/vendor/laravel/framework/src/Illuminate/Container/Container.php(269): Illuminate\Foundation\Application->resolve('App\\Http\\Kernel', Array, false)
#4 /home/investasiptsp/public_html/vendor/laravel/framework/src/Illuminate/Container/Container.php(805): Illuminate\Container\Container->Illuminate\Containe in /home/investasiptsp/public_html/vendor/laravel/framework/src/Illuminate/Container/Container.php on line 811
[17-Jan-2024 02:23:16 UTC] PHP Warning:  include(/home/investasiptsp/public_html/vendor/composer/../../app/Http/Kernel.php): failed to open stream: No such file or directory in /home/investasiptsp/public_html/vendor/composer/ClassLoader.php on line 576
[17-Jan-2024 02:23:16 UTC] PHP Warning:  include(/home/investasiptsp/public_html/vendor/composer/../../app/Http/Kernel.php): failed to open stream: No such file or directory in /home/investasiptsp/public_html/vendor/composer/ClassLoader.php on line 576
[17-Jan-2024 02:23:16 UTC] PHP Warning:  include(): Failed opening '/home/investasiptsp/public_html/vendor/composer/../../app/Http/Kernel.php' for inclusion (include_path='.:/opt/alt/php74/usr/share/pear') in /home/investasiptsp/public_html/vendor/composer/ClassLoader.php on line 576
[17-Jan-2024 02:23:16 UTC] PHP Fatal error:  Uncaught ReflectionException: Class App\Http\Kernel does not exist in /home/investasiptsp/public_html/vendor/laravel/framework/src/Illuminate/Container/Container.php:809
Stack trace:
#0 /home/investasiptsp/public_html/vendor/laravel/framework/src/Illuminate/Container/Container.php(809): ReflectionClass->__construct('App\\Http\\Kernel')
#1 /home/investasiptsp/public_html/vendor/laravel/framework/src/Illuminate/Container/Container.php(691): Illuminate\Container\Container->build('App\\Http\\Kernel')
#2 /home/investasiptsp/public_html/vendor/laravel/framework/src/Illuminate/Foundation/Application.php(796): Illuminate\Container\Container->resolve('App\\Http\\Kernel', Array, false)
#3 /home/investasiptsp/public_html/vendor/laravel/framework/src/Illuminate/Container/Container.php(269): Illuminate\Foundation\Application->resolve('App\\Http\\Kernel', Array, false)
#4 /home/investasiptsp/public_html/vendor/laravel/framework/src/Illuminate/Container/Container.php(805): Illuminate\Container\Container->Illuminate\Containe in /home/investasiptsp/public_html/vendor/laravel/framework/src/Illuminate/Container/Container.php on line 811
[17-Jan-2024 02:23:16 UTC] PHP Warning:  include(/home/investasiptsp/public_html/vendor/composer/../../app/Http/Kernel.php): failed to open stream: No such file or directory in /home/investasiptsp/public_html/vendor/composer/ClassLoader.php on line 576
[17-Jan-2024 02:23:16 UTC] PHP Warning:  include(/home/investasiptsp/public_html/vendor/composer/../../app/Http/Kernel.php): failed to open stream: No such file or directory in /home/investasiptsp/public_html/vendor/composer/ClassLoader.php on line 576
[17-Jan-2024 02:23:16 UTC] PHP Warning:  include(): Failed opening '/home/investasiptsp/public_html/vendor/composer/../../app/Http/Kernel.php' for inclusion (include_path='.:/opt/alt/php74/usr/share/pear') in /home/investasiptsp/public_html/vendor/composer/ClassLoader.php on line 576
[17-Jan-2024 02:23:16 UTC] PHP Fatal error:  Uncaught ReflectionException: Class App\Http\Kernel does not exist in /home/investasiptsp/public_html/vendor/laravel/framework/src/Illuminate/Container/Container.php:809
Stack trace:
#0 /home/investasiptsp/public_html/vendor/laravel/framework/src/Illuminate/Container/Container.php(809): ReflectionClass->__construct('App\\Http\\Kernel')
#1 /home/investasiptsp/public_html/vendor/laravel/framework/src/Illuminate/Container/Container.php(691): Illuminate\Container\Container->build('App\\Http\\Kernel')
#2 /home/investasiptsp/public_html/vendor/laravel/framework/src/Illuminate/Foundation/Application.php(796): Illuminate\Container\Container->resolve('App\\Http\\Kernel', Array, false)
#3 /home/investasiptsp/public_html/vendor/laravel/framework/src/Illuminate/Container/Container.php(269): Illuminate\Foundation\Application->resolve('App\\Http\\Kernel', Array, false)
#4 /home/investasiptsp/public_html/vendor/laravel/framework/src/Illuminate/Container/Container.php(805): Illuminate\Container\Container->Illuminate\Containe in /home/investasiptsp/public_html/vendor/laravel/framework/src/Illuminate/Container/Container.php on line 811
[17-Jan-2024 02:23:20 UTC] PHP Warning:  include(/home/investasiptsp/public_html/vendor/composer/../../app/Http/Kernel.php): failed to open stream: No such file or directory in /home/investasiptsp/public_html/vendor/composer/ClassLoader.php on line 576
[17-Jan-2024 02:23:20 UTC] PHP Warning:  include(/home/investasiptsp/public_html/vendor/composer/../../app/Http/Kernel.php): failed to open stream: No such file or directory in /home/investasiptsp/public_html/vendor/composer/ClassLoader.php on line 576
[17-Jan-2024 02:23:20 UTC] PHP Warning:  include(): Failed opening '/home/investasiptsp/public_html/vendor/composer/../../app/Http/Kernel.php' for inclusion (include_path='.:/opt/alt/php74/usr/share/pear') in /home/investasiptsp/public_html/vendor/composer/ClassLoader.php on line 576
[17-Jan-2024 02:23:20 UTC] PHP Fatal error:  Uncaught ReflectionException: Class App\Http\Kernel does not exist in /home/investasiptsp/public_html/vendor/laravel/framework/src/Illuminate/Container/Container.php:809
Stack trace:
#0 /home/investasiptsp/public_html/vendor/laravel/framework/src/Illuminate/Container/Container.php(809): ReflectionClass->__construct('App\\Http\\Kernel')
#1 /home/investasiptsp/public_html/vendor/laravel/framework/src/Illuminate/Container/Container.php(691): Illuminate\Container\Container->build('App\\Http\\Kernel')
#2 /home/investasiptsp/public_html/vendor/laravel/framework/src/Illuminate/Foundation/Application.php(796): Illuminate\Container\Container->resolve('App\\Http\\Kernel', Array, false)
#3 /home/investasiptsp/public_html/vendor/laravel/framework/src/Illuminate/Container/Container.php(269): Illuminate\Foundation\Application->resolve('App\\Http\\Kernel', Array, false)
#4 /home/investasiptsp/public_html/vendor/laravel/framework/src/Illuminate/Container/Container.php(805): Illuminate\Container\Container->Illuminate\Containe in /home/investasiptsp/public_html/vendor/laravel/framework/src/Illuminate/Container/Container.php on line 811
[17-Jan-2024 02:23:20 UTC] PHP Warning:  include(/home/investasiptsp/public_html/vendor/composer/../../app/Http/Kernel.php): failed to open stream: No such file or directory in /home/investasiptsp/public_html/vendor/composer/ClassLoader.php on line 576
[17-Jan-2024 02:23:20 UTC] PHP Warning:  include(/home/investasiptsp/public_html/vendor/composer/../../app/Http/Kernel.php): failed to open stream: No such file or directory in /home/investasiptsp/public_html/vendor/composer/ClassLoader.php on line 576
[17-Jan-2024 02:23:20 UTC] PHP Warning:  include(): Failed opening '/home/investasiptsp/public_html/vendor/composer/../../app/Http/Kernel.php' for inclusion (include_path='.:/opt/alt/php74/usr/share/pear') in /home/investasiptsp/public_html/vendor/composer/ClassLoader.php on line 576
[17-Jan-2024 02:23:20 UTC] PHP Fatal error:  Uncaught ReflectionException: Class App\Http\Kernel does not exist in /home/investasiptsp/public_html/vendor/laravel/framework/src/Illuminate/Container/Container.php:809
Stack trace:
#0 /home/investasiptsp/public_html/vendor/laravel/framework/src/Illuminate/Container/Container.php(809): ReflectionClass->__construct('App\\Http\\Kernel')
#1 /home/investasiptsp/public_html/vendor/laravel/framework/src/Illuminate/Container/Container.php(691): Illuminate\Container\Container->build('App\\Http\\Kernel')
#2 /home/investasiptsp/public_html/vendor/laravel/framework/src/Illuminate/Foundation/Application.php(796): Illuminate\Container\Container->resolve('App\\Http\\Kernel', Array, false)
#3 /home/investasiptsp/public_html/vendor/laravel/framework/src/Illuminate/Container/Container.php(269): Illuminate\Foundation\Application->resolve('App\\Http\\Kernel', Array, false)
#4 /home/investasiptsp/public_html/vendor/laravel/framework/src/Illuminate/Container/Container.php(805): Illuminate\Container\Container->Illuminate\Containe in /home/investasiptsp/public_html/vendor/laravel/framework/src/Illuminate/Container/Container.php on line 811
[17-Jan-2024 02:23:39 UTC] PHP Warning:  include(/home/investasiptsp/public_html/vendor/composer/../../app/Http/Kernel.php): failed to open stream: No such file or directory in /home/investasiptsp/public_html/vendor/composer/ClassLoader.php on line 576
[17-Jan-2024 02:23:39 UTC] PHP Warning:  include(/home/investasiptsp/public_html/vendor/composer/../../app/Http/Kernel.php): failed to open stream: No such file or directory in /home/investasiptsp/public_html/vendor/composer/ClassLoader.php on line 576
[17-Jan-2024 02:23:39 UTC] PHP Warning:  include(): Failed opening '/home/investasiptsp/public_html/vendor/composer/../../app/Http/Kernel.php' for inclusion (include_path='.:/opt/alt/php74/usr/share/pear') in /home/investasiptsp/public_html/vendor/composer/ClassLoader.php on line 576
[17-Jan-2024 02:23:39 UTC] PHP Fatal error:  Uncaught ReflectionException: Class App\Http\Kernel does not exist in /home/investasiptsp/public_html/vendor/laravel/framework/src/Illuminate/Container/Container.php:809
Stack trace:
#0 /home/investasiptsp/public_html/vendor/laravel/framework/src/Illuminate/Container/Container.php(809): ReflectionClass->__construct('App\\Http\\Kernel')
#1 /home/investasiptsp/public_html/vendor/laravel/framework/src/Illuminate/Container/Container.php(691): Illuminate\Container\Container->build('App\\Http\\Kernel')
#2 /home/investasiptsp/public_html/vendor/laravel/framework/src/Illuminate/Foundation/Application.php(796): Illuminate\Container\Container->resolve('App\\Http\\Kernel', Array, false)
#3 /home/investasiptsp/public_html/vendor/laravel/framework/src/Illuminate/Container/Container.php(269): Illuminate\Foundation\Application->resolve('App\\Http\\Kernel', Array, false)
#4 /home/investasiptsp/public_html/vendor/laravel/framework/src/Illuminate/Container/Container.php(805): Illuminate\Container\Container->Illuminate\Containe in /home/investasiptsp/public_html/vendor/laravel/framework/src/Illuminate/Container/Container.php on line 811
[17-Jan-2024 02:23:39 UTC] PHP Warning:  include(/home/investasiptsp/public_html/vendor/composer/../../app/Http/Kernel.php): failed to open stream: No such file or directory in /home/investasiptsp/public_html/vendor/composer/ClassLoader.php on line 576
[17-Jan-2024 02:23:39 UTC] PHP Warning:  include(/home/investasiptsp/public_html/vendor/composer/../../app/Http/Kernel.php): failed to open stream: No such file or directory in /home/investasiptsp/public_html/vendor/composer/ClassLoader.php on line 576
[17-Jan-2024 02:23:39 UTC] PHP Warning:  include(): Failed opening '/home/investasiptsp/public_html/vendor/composer/../../app/Http/Kernel.php' for inclusion (include_path='.:/opt/alt/php74/usr/share/pear') in /home/investasiptsp/public_html/vendor/composer/ClassLoader.php on line 576
[17-Jan-2024 02:23:39 UTC] PHP Fatal error:  Uncaught ReflectionException: Class App\Http\Kernel does not exist in /home/investasiptsp/public_html/vendor/laravel/framework/src/Illuminate/Container/Container.php:809
Stack trace:
#0 /home/investasiptsp/public_html/vendor/laravel/framework/src/Illuminate/Container/Container.php(809): ReflectionClass->__construct('App\\Http\\Kernel')
#1 /home/investasiptsp/public_html/vendor/laravel/framework/src/Illuminate/Container/Container.php(691): Illuminate\Container\Container->build('App\\Http\\Kernel')
#2 /home/investasiptsp/public_html/vendor/laravel/framework/src/Illuminate/Foundation/Application.php(796): Illuminate\Container\Container->resolve('App\\Http\\Kernel', Array, false)
#3 /home/investasiptsp/public_html/vendor/laravel/framework/src/Illuminate/Container/Container.php(269): Illuminate\Foundation\Application->resolve('App\\Http\\Kernel', Array, false)
#4 /home/investasiptsp/public_html/vendor/laravel/framework/src/Illuminate/Container/Container.php(805): Illuminate\Container\Container->Illuminate\Containe in /home/investasiptsp/public_html/vendor/laravel/framework/src/Illuminate/Container/Container.php on line 811
[17-Jan-2024 02:24:25 UTC] PHP Warning:  include(/home/investasiptsp/public_html/vendor/composer/../../app/Http/Kernel.php): failed to open stream: No such file or directory in /home/investasiptsp/public_html/vendor/composer/ClassLoader.php on line 576
[17-Jan-2024 02:24:25 UTC] PHP Warning:  include(/home/investasiptsp/public_html/vendor/composer/../../app/Http/Kernel.php): failed to open stream: No such file or directory in /home/investasiptsp/public_html/vendor/composer/ClassLoader.php on line 576
[17-Jan-2024 02:24:25 UTC] PHP Warning:  include(): Failed opening '/home/investasiptsp/public_html/vendor/composer/../../app/Http/Kernel.php' for inclusion (include_path='.:/opt/alt/php74/usr/share/pear') in /home/investasiptsp/public_html/vendor/composer/ClassLoader.php on line 576
[17-Jan-2024 02:24:25 UTC] PHP Fatal error:  Uncaught ReflectionException: Class App\Http\Kernel does not exist in /home/investasiptsp/public_html/vendor/laravel/framework/src/Illuminate/Container/Container.php:809
Stack trace:
#0 /home/investasiptsp/public_html/vendor/laravel/framework/src/Illuminate/Container/Container.php(809): ReflectionClass->__construct('App\\Http\\Kernel')
#1 /home/investasiptsp/public_html/vendor/laravel/framework/src/Illuminate/Container/Container.php(691): Illuminate\Container\Container->build('App\\Http\\Kernel')
#2 /home/investasiptsp/public_html/vendor/laravel/framework/src/Illuminate/Foundation/Application.php(796): Illuminate\Container\Container->resolve('App\\Http\\Kernel', Array, false)
#3 /home/investasiptsp/public_html/vendor/laravel/framework/src/Illuminate/Container/Container.php(269): Illuminate\Foundation\Application->resolve('App\\Http\\Kernel', Array, false)
#4 /home/investasiptsp/public_html/vendor/laravel/framework/src/Illuminate/Container/Container.php(805): Illuminate\Container\Container->Illuminate\Containe in /home/investasiptsp/public_html/vendor/laravel/framework/src/Illuminate/Container/Container.php on line 811
[17-Jan-2024 02:24:26 UTC] PHP Warning:  include(/home/investasiptsp/public_html/vendor/composer/../../app/Http/Kernel.php): failed to open stream: No such file or directory in /home/investasiptsp/public_html/vendor/composer/ClassLoader.php on line 576
[17-Jan-2024 02:24:26 UTC] PHP Warning:  include(/home/investasiptsp/public_html/vendor/composer/../../app/Http/Kernel.php): failed to open stream: No such file or directory in /home/investasiptsp/public_html/vendor/composer/ClassLoader.php on line 576
[17-Jan-2024 02:24:26 UTC] PHP Warning:  include(): Failed opening '/home/investasiptsp/public_html/vendor/composer/../../app/Http/Kernel.php' for inclusion (include_path='.:/opt/alt/php74/usr/share/pear') in /home/investasiptsp/public_html/vendor/composer/ClassLoader.php on line 576
[17-Jan-2024 02:24:26 UTC] PHP Fatal error:  Uncaught ReflectionException: Class App\Http\Kernel does not exist in /home/investasiptsp/public_html/vendor/laravel/framework/src/Illuminate/Container/Container.php:809
Stack trace:
#0 /home/investasiptsp/public_html/vendor/laravel/framework/src/Illuminate/Container/Container.php(809): ReflectionClass->__construct('App\\Http\\Kernel')
#1 /home/investasiptsp/public_html/vendor/laravel/framework/src/Illuminate/Container/Container.php(691): Illuminate\Container\Container->build('App\\Http\\Kernel')
#2 /home/investasiptsp/public_html/vendor/laravel/framework/src/Illuminate/Foundation/Application.php(796): Illuminate\Container\Container->resolve('App\\Http\\Kernel', Array, false)
#3 /home/investasiptsp/public_html/vendor/laravel/framework/src/Illuminate/Container/Container.php(269): Illuminate\Foundation\Application->resolve('App\\Http\\Kernel', Array, false)
#4 /home/investasiptsp/public_html/vendor/laravel/framework/src/Illuminate/Container/Container.php(805): Illuminate\Container\Container->Illuminate\Containe in /home/investasiptsp/public_html/vendor/laravel/framework/src/Illuminate/Container/Container.php on line 811
[17-Jan-2024 02:25:07 UTC] PHP Warning:  include(/home/investasiptsp/public_html/vendor/composer/../../app/Http/Kernel.php): failed to open stream: No such file or directory in /home/investasiptsp/public_html/vendor/composer/ClassLoader.php on line 576
[17-Jan-2024 02:25:07 UTC] PHP Warning:  include(/home/investasiptsp/public_html/vendor/composer/../../app/Http/Kernel.php): failed to open stream: No such file or directory in /home/investasiptsp/public_html/vendor/composer/ClassLoader.php on line 576
[17-Jan-2024 02:25:07 UTC] PHP Warning:  include(): Failed opening '/home/investasiptsp/public_html/vendor/composer/../../app/Http/Kernel.php' for inclusion (include_path='.:/opt/alt/php74/usr/share/pear') in /home/investasiptsp/public_html/vendor/composer/ClassLoader.php on line 576
[17-Jan-2024 02:25:07 UTC] PHP Fatal error:  Uncaught ReflectionException: Class App\Http\Kernel does not exist in /home/investasiptsp/public_html/vendor/laravel/framework/src/Illuminate/Container/Container.php:809
Stack trace:
#0 /home/investasiptsp/public_html/vendor/laravel/framework/src/Illuminate/Container/Container.php(809): ReflectionClass->__construct('App\\Http\\Kernel')
#1 /home/investasiptsp/public_html/vendor/laravel/framework/src/Illuminate/Container/Container.php(691): Illuminate\Container\Container->build('App\\Http\\Kernel')
#2 /home/investasiptsp/public_html/vendor/laravel/framework/src/Illuminate/Foundation/Application.php(796): Illuminate\Container\Container->resolve('App\\Http\\Kernel', Array, false)
#3 /home/investasiptsp/public_html/vendor/laravel/framework/src/Illuminate/Container/Container.php(269): Illuminate\Foundation\Application->resolve('App\\Http\\Kernel', Array, false)
#4 /home/investasiptsp/public_html/vendor/laravel/framework/src/Illuminate/Container/Container.php(805): Illuminate\Container\Container->Illuminate\Containe in /home/investasiptsp/public_html/vendor/laravel/framework/src/Illuminate/Container/Container.php on line 811
[17-Jan-2024 02:25:07 UTC] PHP Warning:  include(/home/investasiptsp/public_html/vendor/composer/../../app/Http/Kernel.php): failed to open stream: No such file or directory in /home/investasiptsp/public_html/vendor/composer/ClassLoader.php on line 576
[17-Jan-2024 02:25:07 UTC] PHP Warning:  include(/home/investasiptsp/public_html/vendor/composer/../../app/Http/Kernel.php): failed to open stream: No such file or directory in /home/investasiptsp/public_html/vendor/composer/ClassLoader.php on line 576
[17-Jan-2024 02:25:07 UTC] PHP Warning:  include(): Failed opening '/home/investasiptsp/public_html/vendor/composer/../../app/Http/Kernel.php' for inclusion (include_path='.:/opt/alt/php74/usr/share/pear') in /home/investasiptsp/public_html/vendor/composer/ClassLoader.php on line 576
[17-Jan-2024 02:25:07 UTC] PHP Fatal error:  Uncaught ReflectionException: Class App\Http\Kernel does not exist in /home/investasiptsp/public_html/vendor/laravel/framework/src/Illuminate/Container/Container.php:809
Stack trace:
#0 /home/investasiptsp/public_html/vendor/laravel/framework/src/Illuminate/Container/Container.php(809): ReflectionClass->__construct('App\\Http\\Kernel')
#1 /home/investasiptsp/public_html/vendor/laravel/framework/src/Illuminate/Container/Container.php(691): Illuminate\Container\Container->build('App\\Http\\Kernel')
#2 /home/investasiptsp/public_html/vendor/laravel/framework/src/Illuminate/Foundation/Application.php(796): Illuminate\Container\Container->resolve('App\\Http\\Kernel', Array, false)
#3 /home/investasiptsp/public_html/vendor/laravel/framework/src/Illuminate/Container/Container.php(269): Illuminate\Foundation\Application->resolve('App\\Http\\Kernel', Array, false)
#4 /home/investasiptsp/public_html/vendor/laravel/framework/src/Illuminate/Container/Container.php(805): Illuminate\Container\Container->Illuminate\Containe in /home/investasiptsp/public_html/vendor/laravel/framework/src/Illuminate/Container/Container.php on line 811
[17-Jan-2024 02:25:17 UTC] PHP Warning:  include(/home/investasiptsp/public_html/vendor/composer/../../app/Http/Kernel.php): failed to open stream: No such file or directory in /home/investasiptsp/public_html/vendor/composer/ClassLoader.php on line 576
[17-Jan-2024 02:25:17 UTC] PHP Warning:  include(/home/investasiptsp/public_html/vendor/composer/../../app/Http/Kernel.php): failed to open stream: No such file or directory in /home/investasiptsp/public_html/vendor/composer/ClassLoader.php on line 576
[17-Jan-2024 02:25:17 UTC] PHP Warning:  include(): Failed opening '/home/investasiptsp/public_html/vendor/composer/../../app/Http/Kernel.php' for inclusion (include_path='.:/opt/alt/php74/usr/share/pear') in /home/investasiptsp/public_html/vendor/composer/ClassLoader.php on line 576
[17-Jan-2024 02:25:17 UTC] PHP Fatal error:  Uncaught ReflectionException: Class App\Http\Kernel does not exist in /home/investasiptsp/public_html/vendor/laravel/framework/src/Illuminate/Container/Container.php:809
Stack trace:
#0 /home/investasiptsp/public_html/vendor/laravel/framework/src/Illuminate/Container/Container.php(809): ReflectionClass->__construct('App\\Http\\Kernel')
#1 /home/investasiptsp/public_html/vendor/laravel/framework/src/Illuminate/Container/Container.php(691): Illuminate\Container\Container->build('App\\Http\\Kernel')
#2 /home/investasiptsp/public_html/vendor/laravel/framework/src/Illuminate/Foundation/Application.php(796): Illuminate\Container\Container->resolve('App\\Http\\Kernel', Array, false)
#3 /home/investasiptsp/public_html/vendor/laravel/framework/src/Illuminate/Container/Container.php(269): Illuminate\Foundation\Application->resolve('App\\Http\\Kernel', Array, false)
#4 /home/investasiptsp/public_html/vendor/laravel/framework/src/Illuminate/Container/Container.php(805): Illuminate\Container\Container->Illuminate\Containe in /home/investasiptsp/public_html/vendor/laravel/framework/src/Illuminate/Container/Container.php on line 811
[17-Jan-2024 02:25:18 UTC] PHP Warning:  include(/home/investasiptsp/public_html/vendor/composer/../../app/Http/Kernel.php): failed to open stream: No such file or directory in /home/investasiptsp/public_html/vendor/composer/ClassLoader.php on line 576
[17-Jan-2024 02:25:18 UTC] PHP Warning:  include(/home/investasiptsp/public_html/vendor/composer/../../app/Http/Kernel.php): failed to open stream: No such file or directory in /home/investasiptsp/public_html/vendor/composer/ClassLoader.php on line 576
[17-Jan-2024 02:25:18 UTC] PHP Warning:  include(): Failed opening '/home/investasiptsp/public_html/vendor/composer/../../app/Http/Kernel.php' for inclusion (include_path='.:/opt/alt/php74/usr/share/pear') in /home/investasiptsp/public_html/vendor/composer/ClassLoader.php on line 576
[17-Jan-2024 02:25:18 UTC] PHP Fatal error:  Uncaught ReflectionException: Class App\Http\Kernel does not exist in /home/investasiptsp/public_html/vendor/laravel/framework/src/Illuminate/Container/Container.php:809
Stack trace:
#0 /home/investasiptsp/public_html/vendor/laravel/framework/src/Illuminate/Container/Container.php(809): ReflectionClass->__construct('App\\Http\\Kernel')
#1 /home/investasiptsp/public_html/vendor/laravel/framework/src/Illuminate/Container/Container.php(691): Illuminate\Container\Container->build('App\\Http\\Kernel')
#2 /home/investasiptsp/public_html/vendor/laravel/framework/src/Illuminate/Foundation/Application.php(796): Illuminate\Container\Container->resolve('App\\Http\\Kernel', Array, false)
#3 /home/investasiptsp/public_html/vendor/laravel/framework/src/Illuminate/Container/Container.php(269): Illuminate\Foundation\Application->resolve('App\\Http\\Kernel', Array, false)
#4 /home/investasiptsp/public_html/vendor/laravel/framework/src/Illuminate/Container/Container.php(805): Illuminate\Container\Container->Illuminate\Containe in /home/investasiptsp/public_html/vendor/laravel/framework/src/Illuminate/Container/Container.php on line 811
[17-Jan-2024 02:25:59 UTC] PHP Warning:  include(/home/investasiptsp/public_html/vendor/composer/../../app/Http/Kernel.php): failed to open stream: No such file or directory in /home/investasiptsp/public_html/vendor/composer/ClassLoader.php on line 576
[17-Jan-2024 02:25:59 UTC] PHP Warning:  include(/home/investasiptsp/public_html/vendor/composer/../../app/Http/Kernel.php): failed to open stream: No such file or directory in /home/investasiptsp/public_html/vendor/composer/ClassLoader.php on line 576
[17-Jan-2024 02:25:59 UTC] PHP Warning:  include(): Failed opening '/home/investasiptsp/public_html/vendor/composer/../../app/Http/Kernel.php' for inclusion (include_path='.:/opt/alt/php74/usr/share/pear') in /home/investasiptsp/public_html/vendor/composer/ClassLoader.php on line 576
[17-Jan-2024 02:25:59 UTC] PHP Fatal error:  Uncaught ReflectionException: Class App\Http\Kernel does not exist in /home/investasiptsp/public_html/vendor/laravel/framework/src/Illuminate/Container/Container.php:809
Stack trace:
#0 /home/investasiptsp/public_html/vendor/laravel/framework/src/Illuminate/Container/Container.php(809): ReflectionClass->__construct('App\\Http\\Kernel')
#1 /home/investasiptsp/public_html/vendor/laravel/framework/src/Illuminate/Container/Container.php(691): Illuminate\Container\Container->build('App\\Http\\Kernel')
#2 /home/investasiptsp/public_html/vendor/laravel/framework/src/Illuminate/Foundation/Application.php(796): Illuminate\Container\Container->resolve('App\\Http\\Kernel', Array, false)
#3 /home/investasiptsp/public_html/vendor/laravel/framework/src/Illuminate/Container/Container.php(269): Illuminate\Foundation\Application->resolve('App\\Http\\Kernel', Array, false)
#4 /home/investasiptsp/public_html/vendor/laravel/framework/src/Illuminate/Container/Container.php(805): Illuminate\Container\Container->Illuminate\Containe in /home/investasiptsp/public_html/vendor/laravel/framework/src/Illuminate/Container/Container.php on line 811
[17-Jan-2024 02:25:59 UTC] PHP Warning:  include(/home/investasiptsp/public_html/vendor/composer/../../app/Http/Kernel.php): failed to open stream: No such file or directory in /home/investasiptsp/public_html/vendor/composer/ClassLoader.php on line 576
[17-Jan-2024 02:25:59 UTC] PHP Warning:  include(/home/investasiptsp/public_html/vendor/composer/../../app/Http/Kernel.php): failed to open stream: No such file or directory in /home/investasiptsp/public_html/vendor/composer/ClassLoader.php on line 576
[17-Jan-2024 02:25:59 UTC] PHP Warning:  include(): Failed opening '/home/investasiptsp/public_html/vendor/composer/../../app/Http/Kernel.php' for inclusion (include_path='.:/opt/alt/php74/usr/share/pear') in /home/investasiptsp/public_html/vendor/composer/ClassLoader.php on line 576
[17-Jan-2024 02:25:59 UTC] PHP Fatal error:  Uncaught ReflectionException: Class App\Http\Kernel does not exist in /home/investasiptsp/public_html/vendor/laravel/framework/src/Illuminate/Container/Container.php:809
Stack trace:
#0 /home/investasiptsp/public_html/vendor/laravel/framework/src/Illuminate/Container/Container.php(809): ReflectionClass->__construct('App\\Http\\Kernel')
#1 /home/investasiptsp/public_html/vendor/laravel/framework/src/Illuminate/Container/Container.php(691): Illuminate\Container\Container->build('App\\Http\\Kernel')
#2 /home/investasiptsp/public_html/vendor/laravel/framework/src/Illuminate/Foundation/Application.php(796): Illuminate\Container\Container->resolve('App\\Http\\Kernel', Array, false)
#3 /home/investasiptsp/public_html/vendor/laravel/framework/src/Illuminate/Container/Container.php(269): Illuminate\Foundation\Application->resolve('App\\Http\\Kernel', Array, false)
#4 /home/investasiptsp/public_html/vendor/laravel/framework/src/Illuminate/Container/Container.php(805): Illuminate\Container\Container->Illuminate\Containe in /home/investasiptsp/public_html/vendor/laravel/framework/src/Illuminate/Container/Container.php on line 811
[17-Jan-2024 02:26:33 UTC] PHP Warning:  include(/home/investasiptsp/public_html/vendor/composer/../../app/Http/Kernel.php): failed to open stream: No such file or directory in /home/investasiptsp/public_html/vendor/composer/ClassLoader.php on line 576
[17-Jan-2024 02:26:33 UTC] PHP Warning:  include(/home/investasiptsp/public_html/vendor/composer/../../app/Http/Kernel.php): failed to open stream: No such file or directory in /home/investasiptsp/public_html/vendor/composer/ClassLoader.php on line 576
[17-Jan-2024 02:26:33 UTC] PHP Warning:  include(): Failed opening '/home/investasiptsp/public_html/vendor/composer/../../app/Http/Kernel.php' for inclusion (include_path='.:/opt/alt/php74/usr/share/pear') in /home/investasiptsp/public_html/vendor/composer/ClassLoader.php on line 576
[17-Jan-2024 02:26:33 UTC] PHP Fatal error:  Uncaught ReflectionException: Class App\Http\Kernel does not exist in /home/investasiptsp/public_html/vendor/laravel/framework/src/Illuminate/Container/Container.php:809
Stack trace:
#0 /home/investasiptsp/public_html/vendor/laravel/framework/src/Illuminate/Container/Container.php(809): ReflectionClass->__construct('App\\Http\\Kernel')
#1 /home/investasiptsp/public_html/vendor/laravel/framework/src/Illuminate/Container/Container.php(691): Illuminate\Container\Container->build('App\\Http\\Kernel')
#2 /home/investasiptsp/public_html/vendor/laravel/framework/src/Illuminate/Foundation/Application.php(796): Illuminate\Container\Container->resolve('App\\Http\\Kernel', Array, false)
#3 /home/investasiptsp/public_html/vendor/laravel/framework/src/Illuminate/Container/Container.php(269): Illuminate\Foundation\Application->resolve('App\\Http\\Kernel', Array, false)
#4 /home/investasiptsp/public_html/vendor/laravel/framework/src/Illuminate/Container/Container.php(805): Illuminate\Container\Container->Illuminate\Containe in /home/investasiptsp/public_html/vendor/laravel/framework/src/Illuminate/Container/Container.php on line 811
[17-Jan-2024 02:26:35 UTC] PHP Warning:  include(/home/investasiptsp/public_html/vendor/composer/../../app/Http/Kernel.php): failed to open stream: No such file or directory in /home/investasiptsp/public_html/vendor/composer/ClassLoader.php on line 576
[17-Jan-2024 02:26:35 UTC] PHP Warning:  include(/home/investasiptsp/public_html/vendor/composer/../../app/Http/Kernel.php): failed to open stream: No such file or directory in /home/investasiptsp/public_html/vendor/composer/ClassLoader.php on line 576
[17-Jan-2024 02:26:35 UTC] PHP Warning:  include(): Failed opening '/home/investasiptsp/public_html/vendor/composer/../../app/Http/Kernel.php' for inclusion (include_path='.:/opt/alt/php74/usr/share/pear') in /home/investasiptsp/public_html/vendor/composer/ClassLoader.php on line 576
[17-Jan-2024 02:26:35 UTC] PHP Fatal error:  Uncaught ReflectionException: Class App\Http\Kernel does not exist in /home/investasiptsp/public_html/vendor/laravel/framework/src/Illuminate/Container/Container.php:809
Stack trace:
#0 /home/investasiptsp/public_html/vendor/laravel/framework/src/Illuminate/Container/Container.php(809): ReflectionClass->__construct('App\\Http\\Kernel')
#1 /home/investasiptsp/public_html/vendor/laravel/framework/src/Illuminate/Container/Container.php(691): Illuminate\Container\Container->build('App\\Http\\Kernel')
#2 /home/investasiptsp/public_html/vendor/laravel/framework/src/Illuminate/Foundation/Application.php(796): Illuminate\Container\Container->resolve('App\\Http\\Kernel', Array, false)
#3 /home/investasiptsp/public_html/vendor/laravel/framework/src/Illuminate/Container/Container.php(269): Illuminate\Foundation\Application->resolve('App\\Http\\Kernel', Array, false)
#4 /home/investasiptsp/public_html/vendor/laravel/framework/src/Illuminate/Container/Container.php(805): Illuminate\Container\Container->Illuminate\Containe in /home/investasiptsp/public_html/vendor/laravel/framework/src/Illuminate/Container/Container.php on line 811
[17-Jan-2024 02:27:12 UTC] PHP Warning:  include(/home/investasiptsp/public_html/vendor/composer/../../app/Http/Kernel.php): failed to open stream: No such file or directory in /home/investasiptsp/public_html/vendor/composer/ClassLoader.php on line 576
[17-Jan-2024 02:27:12 UTC] PHP Warning:  include(/home/investasiptsp/public_html/vendor/composer/../../app/Http/Kernel.php): failed to open stream: No such file or directory in /home/investasiptsp/public_html/vendor/composer/ClassLoader.php on line 576
[17-Jan-2024 02:27:12 UTC] PHP Warning:  include(): Failed opening '/home/investasiptsp/public_html/vendor/composer/../../app/Http/Kernel.php' for inclusion (include_path='.:/opt/alt/php74/usr/share/pear') in /home/investasiptsp/public_html/vendor/composer/ClassLoader.php on line 576
[17-Jan-2024 02:27:12 UTC] PHP Fatal error:  Uncaught ReflectionException: Class App\Http\Kernel does not exist in /home/investasiptsp/public_html/vendor/laravel/framework/src/Illuminate/Container/Container.php:809
Stack trace:
#0 /home/investasiptsp/public_html/vendor/laravel/framework/src/Illuminate/Container/Container.php(809): ReflectionClass->__construct('App\\Http\\Kernel')
#1 /home/investasiptsp/public_html/vendor/laravel/framework/src/Illuminate/Container/Container.php(691): Illuminate\Container\Container->build('App\\Http\\Kernel')
#2 /home/investasiptsp/public_html/vendor/laravel/framework/src/Illuminate/Foundation/Application.php(796): Illuminate\Container\Container->resolve('App\\Http\\Kernel', Array, false)
#3 /home/investasiptsp/public_html/vendor/laravel/framework/src/Illuminate/Container/Container.php(269): Illuminate\Foundation\Application->resolve('App\\Http\\Kernel', Array, false)
#4 /home/investasiptsp/public_html/vendor/laravel/framework/src/Illuminate/Container/Container.php(805): Illuminate\Container\Container->Illuminate\Containe in /home/investasiptsp/public_html/vendor/laravel/framework/src/Illuminate/Container/Container.php on line 811
[17-Jan-2024 02:27:16 UTC] PHP Warning:  include(/home/investasiptsp/public_html/vendor/composer/../../app/Http/Kernel.php): failed to open stream: No such file or directory in /home/investasiptsp/public_html/vendor/composer/ClassLoader.php on line 576
[17-Jan-2024 02:27:16 UTC] PHP Warning:  include(/home/investasiptsp/public_html/vendor/composer/../../app/Http/Kernel.php): failed to open stream: No such file or directory in /home/investasiptsp/public_html/vendor/composer/ClassLoader.php on line 576
[17-Jan-2024 02:27:16 UTC] PHP Warning:  include(): Failed opening '/home/investasiptsp/public_html/vendor/composer/../../app/Http/Kernel.php' for inclusion (include_path='.:/opt/alt/php74/usr/share/pear') in /home/investasiptsp/public_html/vendor/composer/ClassLoader.php on line 576
[17-Jan-2024 02:27:16 UTC] PHP Fatal error:  Uncaught ReflectionException: Class App\Http\Kernel does not exist in /home/investasiptsp/public_html/vendor/laravel/framework/src/Illuminate/Container/Container.php:809
Stack trace:
#0 /home/investasiptsp/public_html/vendor/laravel/framework/src/Illuminate/Container/Container.php(809): ReflectionClass->__construct('App\\Http\\Kernel')
#1 /home/investasiptsp/public_html/vendor/laravel/framework/src/Illuminate/Container/Container.php(691): Illuminate\Container\Container->build('App\\Http\\Kernel')
#2 /home/investasiptsp/public_html/vendor/laravel/framework/src/Illuminate/Foundation/Application.php(796): Illuminate\Container\Container->resolve('App\\Http\\Kernel', Array, false)
#3 /home/investasiptsp/public_html/vendor/laravel/framework/src/Illuminate/Container/Container.php(269): Illuminate\Foundation\Application->resolve('App\\Http\\Kernel', Array, false)
#4 /home/investasiptsp/public_html/vendor/laravel/framework/src/Illuminate/Container/Container.php(805): Illuminate\Container\Container->Illuminate\Containe in /home/investasiptsp/public_html/vendor/laravel/framework/src/Illuminate/Container/Container.php on line 811
[17-Jan-2024 02:27:22 UTC] PHP Warning:  include(/home/investasiptsp/public_html/vendor/composer/../../app/Http/Kernel.php): failed to open stream: No such file or directory in /home/investasiptsp/public_html/vendor/composer/ClassLoader.php on line 576
[17-Jan-2024 02:27:22 UTC] PHP Warning:  include(/home/investasiptsp/public_html/vendor/composer/../../app/Http/Kernel.php): failed to open stream: No such file or directory in /home/investasiptsp/public_html/vendor/composer/ClassLoader.php on line 576
[17-Jan-2024 02:27:22 UTC] PHP Warning:  include(): Failed opening '/home/investasiptsp/public_html/vendor/composer/../../app/Http/Kernel.php' for inclusion (include_path='.:/opt/alt/php74/usr/share/pear') in /home/investasiptsp/public_html/vendor/composer/ClassLoader.php on line 576
[17-Jan-2024 02:27:22 UTC] PHP Fatal error:  Uncaught ReflectionException: Class App\Http\Kernel does not exist in /home/investasiptsp/public_html/vendor/laravel/framework/src/Illuminate/Container/Container.php:809
Stack trace:
#0 /home/investasiptsp/public_html/vendor/laravel/framework/src/Illuminate/Container/Container.php(809): ReflectionClass->__construct('App\\Http\\Kernel')
#1 /home/investasiptsp/public_html/vendor/laravel/framework/src/Illuminate/Container/Container.php(691): Illuminate\Container\Container->build('App\\Http\\Kernel')
#2 /home/investasiptsp/public_html/vendor/laravel/framework/src/Illuminate/Foundation/Application.php(796): Illuminate\Container\Container->resolve('App\\Http\\Kernel', Array, false)
#3 /home/investasiptsp/public_html/vendor/laravel/framework/src/Illuminate/Container/Container.php(269): Illuminate\Foundation\Application->resolve('App\\Http\\Kernel', Array, false)
#4 /home/investasiptsp/public_html/vendor/laravel/framework/src/Illuminate/Container/Container.php(805): Illuminate\Container\Container->Illuminate\Containe in /home/investasiptsp/public_html/vendor/laravel/framework/src/Illuminate/Container/Container.php on line 811
[17-Jan-2024 02:27:38 UTC] PHP Warning:  include(/home/investasiptsp/public_html/vendor/composer/../../app/Http/Kernel.php): failed to open stream: No such file or directory in /home/investasiptsp/public_html/vendor/composer/ClassLoader.php on line 576
[17-Jan-2024 02:27:38 UTC] PHP Warning:  include(/home/investasiptsp/public_html/vendor/composer/../../app/Http/Kernel.php): failed to open stream: No such file or directory in /home/investasiptsp/public_html/vendor/composer/ClassLoader.php on line 576
[17-Jan-2024 02:27:38 UTC] PHP Warning:  include(): Failed opening '/home/investasiptsp/public_html/vendor/composer/../../app/Http/Kernel.php' for inclusion (include_path='.:/opt/alt/php74/usr/share/pear') in /home/investasiptsp/public_html/vendor/composer/ClassLoader.php on line 576
[17-Jan-2024 02:27:38 UTC] PHP Fatal error:  Uncaught ReflectionException: Class App\Http\Kernel does not exist in /home/investasiptsp/public_html/vendor/laravel/framework/src/Illuminate/Container/Container.php:809
Stack trace:
#0 /home/investasiptsp/public_html/vendor/laravel/framework/src/Illuminate/Container/Container.php(809): ReflectionClass->__construct('App\\Http\\Kernel')
#1 /home/investasiptsp/public_html/vendor/laravel/framework/src/Illuminate/Container/Container.php(691): Illuminate\Container\Container->build('App\\Http\\Kernel')
#2 /home/investasiptsp/public_html/vendor/laravel/framework/src/Illuminate/Foundation/Application.php(796): Illuminate\Container\Container->resolve('App\\Http\\Kernel', Array, false)
#3 /home/investasiptsp/public_html/vendor/laravel/framework/src/Illuminate/Container/Container.php(269): Illuminate\Foundation\Application->resolve('App\\Http\\Kernel', Array, false)
#4 /home/investasiptsp/public_html/vendor/laravel/framework/src/Illuminate/Container/Container.php(805): Illuminate\Container\Container->Illuminate\Containe in /home/investasiptsp/public_html/vendor/laravel/framework/src/Illuminate/Container/Container.php on line 811
[17-Jan-2024 02:27:38 UTC] PHP Warning:  include(/home/investasiptsp/public_html/vendor/composer/../../app/Http/Kernel.php): failed to open stream: No such file or directory in /home/investasiptsp/public_html/vendor/composer/ClassLoader.php on line 576
[17-Jan-2024 02:27:38 UTC] PHP Warning:  include(/home/investasiptsp/public_html/vendor/composer/../../app/Http/Kernel.php): failed to open stream: No such file or directory in /home/investasiptsp/public_html/vendor/composer/ClassLoader.php on line 576
[17-Jan-2024 02:27:38 UTC] PHP Warning:  include(): Failed opening '/home/investasiptsp/public_html/vendor/composer/../../app/Http/Kernel.php' for inclusion (include_path='.:/opt/alt/php74/usr/share/pear') in /home/investasiptsp/public_html/vendor/composer/ClassLoader.php on line 576
[17-Jan-2024 02:27:38 UTC] PHP Fatal error:  Uncaught ReflectionException: Class App\Http\Kernel does not exist in /home/investasiptsp/public_html/vendor/laravel/framework/src/Illuminate/Container/Container.php:809
Stack trace:
#0 /home/investasiptsp/public_html/vendor/laravel/framework/src/Illuminate/Container/Container.php(809): ReflectionClass->__construct('App\\Http\\Kernel')
#1 /home/investasiptsp/public_html/vendor/laravel/framework/src/Illuminate/Container/Container.php(691): Illuminate\Container\Container->build('App\\Http\\Kernel')
#2 /home/investasiptsp/public_html/vendor/laravel/framework/src/Illuminate/Foundation/Application.php(796): Illuminate\Container\Container->resolve('App\\Http\\Kernel', Array, false)
#3 /home/investasiptsp/public_html/vendor/laravel/framework/src/Illuminate/Container/Container.php(269): Illuminate\Foundation\Application->resolve('App\\Http\\Kernel', Array, false)
#4 /home/investasiptsp/public_html/vendor/laravel/framework/src/Illuminate/Container/Container.php(805): Illuminate\Container\Container->Illuminate\Containe in /home/investasiptsp/public_html/vendor/laravel/framework/src/Illuminate/Container/Container.php on line 811
